<?xml version="1.0" encoding="utf-8"?><testsuites name="pytest tests"><testsuite name="pytest" errors="0" failures="0" skipped="0" tests="7" time="24.569" timestamp="2026-05-28T10:10:06.117842+02:00" hostname="Dell-Thilo"><testcase classname="SubProMACAddresses.test_mac_provisioning" name="test_1_success" time="7.501" /><testcase classname="SubProMACAddresses.test_mac_provisioning" name="test_2_retest_ok" time="1.803" /><testcase classname="SubProMACAddresses.test_mac_provisioning" name="test_3_export_log" time="2.477" /><testcase classname="SubProMACAddresses.test_mac_provisioning" name="test_4_duplicate_sn" time="3.041" /><testcase classname="SubProMACAddresses.test_mac_provisioning" name="test_5_mac_mismatch" time="3.005" /><testcase classname="SubProMACAddresses.test_mac_provisioning" name="test_6_unknown_device" time="1.973" /><testcase classname="SubProMACAddresses.test_mac_provisioning" name="test_7_pool_exhausted" time="4.686" /></testsuite></testsuites>